{"level":"info","timestamp":1527364974861,"sender":"CLIENT","playerId":"8ca84078295bef0463b8b40fcbbe3e91","name":null,"data":{"type":"WS_ACTION","action":{"type":"PLAYERS_REGISTER_PLAYER","name":"PS40 PS38"}}}
{"level":"info","timestamp":1527364974861,"sender":"SERVER","playerId":"8ca84078295bef0463b8b40fcbbe3e91","data":"{\"type\":\"WS_ACTION\",\"action\":{\"type\":\"PLAYERS_REGISTER_PLAYER\",\"player\":{\"name\":\"PS40 PS38\",\"id\":\"8ca84078295bef0463b8b40fcbbe3e91\"}}}"}
{"level":"info","timestamp":1527364974861,"sender":"SERVER","playerId":"8ca84078295bef0463b8b40fcbbe3e91","data":"{\"type\":\"WS_ACTION\",\"action\":{\"type\":\"ME_SET_INFO\",\"name\":\"PS40 PS38\",\"id\":\"8ca84078295bef0463b8b40fcbbe3e91\"}}"}
{"level":"info","timestamp":1527364975742,"sender":"CLIENT","playerId":"8ca84078295bef0463b8b40fcbbe3e91","name":null,"data":{"type":"WS_ACTION","action":{"type":"GAME_START"}}}
{"level":"info","timestamp":1527364975742,"sender":"SERVER","playerId":"8ca84078295bef0463b8b40fcbbe3e91","data":"{\"type\":\"WS_ACTION\",\"action\":{\"type\":\"GAME_START\"}}"}
{"level":"info","timestamp":1527365005786,"sender":"CLIENT","playerId":"8ca84078295bef0463b8b40fcbbe3e91","name":null,"data":{"type":"WS_COMMAND","command":{"type":"COMMAND_LOG_CODE","fn":"(function fix34(list){\n})","constructor":"Fix34Prompt"}}}
{"level":"info","timestamp":1527365035789,"sender":"CLIENT","playerId":"8ca84078295bef0463b8b40fcbbe3e91","name":null,"data":{"type":"WS_COMMAND","command":{"type":"COMMAND_LOG_CODE","fn":"(function fix34(list){\n})","constructor":"Fix34Prompt"}}}
{"level":"info","timestamp":1527365066919,"sender":"CLIENT","playerId":"8ca84078295bef0463b8b40fcbbe3e91","name":null,"data":{"type":"WS_COMMAND","command":{"type":"COMMAND_LOG_CODE","fn":"(function fix34(list){\n})","constructor":"Fix34Prompt"}}}
{"level":"info","timestamp":1527365097332,"sender":"CLIENT","playerId":"8ca84078295bef0463b8b40fcbbe3e91","name":null,"data":{"type":"WS_COMMAND","command":{"type":"COMMAND_LOG_CODE","fn":"(function fix34(list){\n})","constructor":"Fix34Prompt"}}}
{"level":"info","timestamp":1527365125800,"sender":"CLIENT","playerId":"8ca84078295bef0463b8b40fcbbe3e91","name":null,"data":{"type":"WS_COMMAND","command":{"type":"COMMAND_LOG_CODE","fn":"(function fix34(list){\n})","constructor":"Fix34Prompt"}}}
{"level":"info","timestamp":1527365155781,"sender":"CLIENT","playerId":"8ca84078295bef0463b8b40fcbbe3e91","name":null,"data":{"type":"WS_COMMAND","command":{"type":"COMMAND_LOG_CODE","fn":"(function fix34(list){for (var i = 0; i < list.length\n})","constructor":"Fix34Prompt"}}}
{"level":"info","timestamp":1527365185777,"sender":"CLIENT","playerId":"8ca84078295bef0463b8b40fcbbe3e91","name":null,"data":{"type":"WS_COMMAND","command":{"type":"COMMAND_LOG_CODE","fn":"(function fix34(list){for (var i = 0; i < list.length; i++){\n  if (\n})","constructor":"Fix34Prompt"}}}
{"level":"info","timestamp":1527365215810,"sender":"CLIENT","playerId":"8ca84078295bef0463b8b40fcbbe3e91","name":null,"data":{"type":"WS_COMMAND","command":{"type":"COMMAND_LOG_CODE","fn":"(function fix34(list){for (var i = 0; i < list.length-1; i++){\n  if (\n})","constructor":"Fix34Prompt"}}}
{"level":"info","timestamp":1527365245790,"sender":"CLIENT","playerId":"8ca84078295bef0463b8b40fcbbe3e91","name":null,"data":{"type":"WS_COMMAND","command":{"type":"COMMAND_LOG_CODE","fn":"(function fix34(list){for (var i = 0; i < list.length-1; i++){\n  if (list[i] === 3){\n    list[i++] = \n})","constructor":"Fix34Prompt"}}}
{"level":"info","timestamp":1527365275817,"sender":"CLIENT","playerId":"8ca84078295bef0463b8b40fcbbe3e91","name":null,"data":{"type":"WS_COMMAND","command":{"type":"COMMAND_LOG_CODE","fn":"(function fix34(list){for (var i = 0; i < list.length-1; i++){\n  if (list[i] === 3){\n    list[i++] = \n})","constructor":"Fix34Prompt"}}}
{"level":"info","timestamp":1527365305780,"sender":"CLIENT","playerId":"8ca84078295bef0463b8b40fcbbe3e91","name":null,"data":{"type":"WS_COMMAND","command":{"type":"COMMAND_LOG_CODE","fn":"(function fix34(list){for (var i = 0; i < list.length-1; i++){\n  if (list[i] === 3){\n    temp =list[i++] = \n})","constructor":"Fix34Prompt"}}}
{"level":"info","timestamp":1527365335786,"sender":"CLIENT","playerId":"8ca84078295bef0463b8b40fcbbe3e91","name":null,"data":{"type":"WS_COMMAND","command":{"type":"COMMAND_LOG_CODE","fn":"(function fix34(list){var temp;\nfor (var i = 0; i < list.length-1; i++){\n  if (list[i] === 3){\n    temp = list[i++];\n    for \n})","constructor":"Fix34Prompt"}}}
{"level":"info","timestamp":1527365365826,"sender":"CLIENT","playerId":"8ca84078295bef0463b8b40fcbbe3e91","name":null,"data":{"type":"WS_COMMAND","command":{"type":"COMMAND_LOG_CODE","fn":"(function fix34(list){var temp;\nfor (var i = 0; i < list.length-1; i++){\n  if (list[i] === 3){\n    temp = list[i++];\n    for \n})","constructor":"Fix34Prompt"}}}
{"level":"info","timestamp":1527365395783,"sender":"CLIENT","playerId":"8ca84078295bef0463b8b40fcbbe3e91","name":null,"data":{"type":"WS_COMMAND","command":{"type":"COMMAND_LOG_CODE","fn":"(function fix34(list){var temp;\nfor (var i = 0; i < list.length-1; i++){\n  if (list[i] === 3){\n    temp = list[i++];\n    for \n})","constructor":"Fix34Prompt"}}}
{"level":"info","timestamp":1527365425786,"sender":"CLIENT","playerId":"8ca84078295bef0463b8b40fcbbe3e91","name":null,"data":{"type":"WS_COMMAND","command":{"type":"COMMAND_LOG_CODE","fn":"(function fix34(list){var temp;\nfor (var i = 0; i < list.length-1; i++){\n  if (list[i] === 3){\n    temp = list[i++];\n    for \n})","constructor":"Fix34Prompt"}}}
{"level":"info","timestamp":1527365455837,"sender":"CLIENT","playerId":"8ca84078295bef0463b8b40fcbbe3e91","name":null,"data":{"type":"WS_COMMAND","command":{"type":"COMMAND_LOG_CODE","fn":"(function fix34(list){var temp;\nfor (var i = 0; i < list.length-1; i++){\n  if (list[i] === 3){\n    temp = list[i++];\n    for l\n})","constructor":"Fix34Prompt"}}}
{"level":"info","timestamp":1527365485791,"sender":"CLIENT","playerId":"8ca84078295bef0463b8b40fcbbe3e91","name":null,"data":{"type":"WS_COMMAND","command":{"type":"COMMAND_LOG_CODE","fn":"(function fix34(list){var temp;\nfor (var i = 0; i < list.length-1; i++){\n  if (list[i] === 3){\n    temp = list[i++];\n    list\n    for (var j = i+1;\n})","constructor":"Fix34Prompt"}}}
{"level":"info","timestamp":1527365515847,"sender":"CLIENT","playerId":"8ca84078295bef0463b8b40fcbbe3e91","name":null,"data":{"type":"WS_COMMAND","command":{"type":"COMMAND_LOG_CODE","fn":"(function fix34(list){var temp;\nfor (var i = 0; i < list.length-1; i++){\n  if (list[i] === 3){\n    temp = list[i++];\n    for (var j = i+1; j< list.length; j++){\n      \n})","constructor":"Fix34Prompt"}}}
{"level":"info","timestamp":1527365545790,"sender":"CLIENT","playerId":"8ca84078295bef0463b8b40fcbbe3e91","name":null,"data":{"type":"WS_COMMAND","command":{"type":"COMMAND_LOG_CODE","fn":"(function fix34(list){var temp;\nfor (var i = 0; i < list.length-1; i++){\n  if (list[i] === 3){\n    temp = list[i++];\n    for (var j = i+1; j< list.length; j++){\n      if (list[j] === 4;\n          \n})","constructor":"Fix34Prompt"}}}
{"level":"info","timestamp":1527365553733,"sender":"CLIENT","playerId":"8ca84078295bef0463b8b40fcbbe3e91","name":null,"data":{"type":"WS_ACTION","action":{"type":"GAME_END","code":"var temp;\nfor (var i = 0; i < list.length-1; i++){\n  if (list[i] === 3){\n    temp = list[i++];\n    for (var j = i+1; j< list.length; j++){\n      if (list[j] === 4;\n          "}}}
{"level":"info","timestamp":1527365553734,"sender":"SERVER","playerId":"8ca84078295bef0463b8b40fcbbe3e91","data":"{\"type\":\"WS_ACTION\",\"action\":{\"type\":\"GAME_END\"}}"}
