{"level":"info","timestamp":1527365926472,"sender":"CLIENT","playerId":"91cfd7723f1e84ef58890ee20bb04ae9","name":null,"data":{"type":"WS_ACTION","action":{"type":"PLAYERS_REGISTER_PLAYER","name":"PS39"}}}
{"level":"info","timestamp":1527365926472,"sender":"SERVER","playerId":"91cfd7723f1e84ef58890ee20bb04ae9","data":"{\"type\":\"WS_ACTION\",\"action\":{\"type\":\"PLAYERS_REGISTER_PLAYER\",\"player\":{\"name\":\"PS39\",\"id\":\"91cfd7723f1e84ef58890ee20bb04ae9\"}}}"}
{"level":"info","timestamp":1527365926472,"sender":"SERVER","playerId":"91cfd7723f1e84ef58890ee20bb04ae9","data":"{\"type\":\"WS_ACTION\",\"action\":{\"type\":\"ME_SET_INFO\",\"name\":\"PS39\",\"id\":\"91cfd7723f1e84ef58890ee20bb04ae9\"}}"}
{"level":"info","timestamp":1527365945517,"sender":"CLIENT","playerId":"0f6c1deb2df465920bc78bdafbbe74bf","name":null,"data":{"type":"WS_ACTION","action":{"type":"PLAYERS_REGISTER_PLAYER","name":"PS37"}}}
{"level":"info","timestamp":1527365945517,"sender":"SERVER","playerId":"91cfd7723f1e84ef58890ee20bb04ae9","data":"{\"type\":\"WS_ACTION\",\"action\":{\"type\":\"PLAYERS_REGISTER_PLAYER\",\"player\":{\"name\":\"PS37\",\"id\":\"0f6c1deb2df465920bc78bdafbbe74bf\"}}}"}
{"level":"info","timestamp":1527365945518,"sender":"SERVER","playerId":"0f6c1deb2df465920bc78bdafbbe74bf","data":"{\"type\":\"WS_ACTION\",\"action\":{\"type\":\"PLAYERS_REGISTER_PLAYER\",\"player\":{\"name\":\"PS37\",\"id\":\"0f6c1deb2df465920bc78bdafbbe74bf\"}}}"}
{"level":"info","timestamp":1527365945518,"sender":"SERVER","playerId":"0f6c1deb2df465920bc78bdafbbe74bf","data":"{\"type\":\"WS_ACTION\",\"action\":{\"type\":\"ME_SET_INFO\",\"name\":\"PS37\",\"id\":\"0f6c1deb2df465920bc78bdafbbe74bf\"}}"}
{"level":"info","timestamp":1527365946361,"sender":"CLIENT","playerId":"0f6c1deb2df465920bc78bdafbbe74bf","name":null,"data":{"type":"WS_ACTION","action":{"type":"GAME_START"}}}
{"level":"info","timestamp":1527365946363,"sender":"SERVER","playerId":"91cfd7723f1e84ef58890ee20bb04ae9","data":"{\"type\":\"WS_ACTION\",\"action\":{\"type\":\"GAME_START\"}}"}
{"level":"info","timestamp":1527365946363,"sender":"SERVER","playerId":"0f6c1deb2df465920bc78bdafbbe74bf","data":"{\"type\":\"WS_ACTION\",\"action\":{\"type\":\"GAME_START\"}}"}
{"level":"info","timestamp":1527365946363,"sender":"SERVER","playerId":"0f6c1deb2df465920bc78bdafbbe74bf","data":"{\"type\":\"WS_ACTION\",\"action\":{\"type\":\"DECK_POP\",\"num\":4}}"}
{"level":"info","timestamp":1527365946364,"sender":"SERVER","playerId":"0f6c1deb2df465920bc78bdafbbe74bf","data":"{\"type\":\"WS_ACTION\",\"action\":{\"type\":\"PLAYERS_SET_PLAYER_HAND\",\"hand\":[{\"type\":\"CARDS_ARRAY\",\"title\":\"Array\",\"implementation\":\"var array = [];\",\"example\":\"arr.length; // -> 0\\narr.push(1);\\narr[0]; // -> 1\\narr.pop(); // -> 1\\narr; // -> []\"},{\"type\":\"CARDS_SWITCH_CASE\",\"title\":\"Switch\",\"implementation\":\"switch(day) {\\n    case \\\"Monday\\\":\\n        break;\\n    case \\\"Tuesday\\\":\\n        break;\\n    default:\\n        break;\\n}\",\"example\":\"var day = 'Monday';\\nswitch(day) {\\n    case \\\"Monday\\\":\\n        console.log('Monday');\\n        break;\\n    case \\\"Tuesday\\\":\\n        console.log('Tuesday');\\n        break;\\n    default:\\n        break;\\n} // -> prints 'Monday'\"},{\"type\":\"CARDS_OBJECT\",\"title\":\"Object\",\"implementation\":\"var obj = { key: 'value' };\",\"example\":\"var rect = {\\n    x: 20,\\n    y: 50\\n};\\nrect.y; // -> 50\\nrect.x = 10;\\nrect.x; // -> 10\"},{\"type\":\"CARDS_HASH_TABLE\",\"title\":\"Hash Table\",\"implementation\":\"var hash = { foo: 'bar' };\",\"example\":\"hash[\\\"foo\\\"]; // -> \\\"bar\\\"\\nhash[\\\"bar\\\"]; // -> undefined\\n\\\"foo\\\" in hash; // -> true\\n\\\"bar\\\" in hash; // -> false\\nhash[\\\"bar\\\"] = \\\"baz\\\";\\nhash[\\\"bar\\\"]; // -> \\\"baz\\\"\\nhash.keys(); // -> [\\\"foo\\\", \\\"bar\\\"];\"}],\"id\":\"91cfd7723f1e84ef58890ee20bb04ae9\"}}"}
{"level":"info","timestamp":1527365946364,"sender":"SERVER","playerId":"0f6c1deb2df465920bc78bdafbbe74bf","data":"{\"type\":\"WS_ACTION\",\"action\":{\"type\":\"DECK_POP\",\"num\":4}}"}
{"level":"info","timestamp":1527365946365,"sender":"SERVER","playerId":"0f6c1deb2df465920bc78bdafbbe74bf","data":"{\"type\":\"WS_ACTION\",\"action\":{\"type\":\"PLAYERS_SET_PLAYER_HAND\",\"hand\":[{\"type\":\"CARDS_ARRAY\",\"title\":\"Array\",\"implementation\":\"var array = [];\",\"example\":\"arr.length; // -> 0\\narr.push(1);\\narr[0]; // -> 1\\narr.pop(); // -> 1\\narr; // -> []\"},{\"type\":\"CARDS_WHILE_LOOP\",\"title\":\"While Loop\",\"implementation\":\"while (cond) {\\n\\n}\",\"example\":\"\\nvar i = 0;\\nwhile (i < 3) {\\n    console.log(i);\\n    i++;\\n} // -> prints 0, 1, 2\"},{\"type\":\"CARDS_FOR_LOOP\",\"title\":\"For Loop\",\"implementation\":\"for (var i = 0; i < 3; i++) {\\n\\n}\",\"example\":\"for (var i = 0; i < 3; i++) {\\n    console.log(i);\\n} // -> prints 0, 1, 2\"},{\"type\":\"CARDS_WHILE_LOOP\",\"title\":\"While Loop\",\"implementation\":\"while (cond) {\\n\\n}\",\"example\":\"\\nvar i = 0;\\nwhile (i < 3) {\\n    console.log(i);\\n    i++;\\n} // -> prints 0, 1, 2\"}],\"id\":\"0f6c1deb2df465920bc78bdafbbe74bf\"}}"}
{"level":"info","timestamp":1527365946363,"sender":"SERVER","playerId":"91cfd7723f1e84ef58890ee20bb04ae9","data":"{\"type\":\"WS_ACTION\",\"action\":{\"type\":\"DECK_POP\",\"num\":4}}"}
{"level":"info","timestamp":1527365946364,"sender":"SERVER","playerId":"91cfd7723f1e84ef58890ee20bb04ae9","data":"{\"type\":\"WS_ACTION\",\"action\":{\"type\":\"PLAYERS_SET_PLAYER_HAND\",\"hand\":[{\"type\":\"CARDS_ARRAY\",\"title\":\"Array\",\"implementation\":\"var array = [];\",\"example\":\"arr.length; // -> 0\\narr.push(1);\\narr[0]; // -> 1\\narr.pop(); // -> 1\\narr; // -> []\"},{\"type\":\"CARDS_SWITCH_CASE\",\"title\":\"Switch\",\"implementation\":\"switch(day) {\\n    case \\\"Monday\\\":\\n        break;\\n    case \\\"Tuesday\\\":\\n        break;\\n    default:\\n        break;\\n}\",\"example\":\"var day = 'Monday';\\nswitch(day) {\\n    case \\\"Monday\\\":\\n        console.log('Monday');\\n        break;\\n    case \\\"Tuesday\\\":\\n        console.log('Tuesday');\\n        break;\\n    default:\\n        break;\\n} // -> prints 'Monday'\"},{\"type\":\"CARDS_OBJECT\",\"title\":\"Object\",\"implementation\":\"var obj = { key: 'value' };\",\"example\":\"var rect = {\\n    x: 20,\\n    y: 50\\n};\\nrect.y; // -> 50\\nrect.x = 10;\\nrect.x; // -> 10\"},{\"type\":\"CARDS_HASH_TABLE\",\"title\":\"Hash Table\",\"implementation\":\"var hash = { foo: 'bar' };\",\"example\":\"hash[\\\"foo\\\"]; // -> \\\"bar\\\"\\nhash[\\\"bar\\\"]; // -> undefined\\n\\\"foo\\\" in hash; // -> true\\n\\\"bar\\\" in hash; // -> false\\nhash[\\\"bar\\\"] = \\\"baz\\\";\\nhash[\\\"bar\\\"]; // -> \\\"baz\\\"\\nhash.keys(); // -> [\\\"foo\\\", \\\"bar\\\"];\"}],\"id\":\"91cfd7723f1e84ef58890ee20bb04ae9\"}}"}
{"level":"info","timestamp":1527365946364,"sender":"SERVER","playerId":"91cfd7723f1e84ef58890ee20bb04ae9","data":"{\"type\":\"WS_ACTION\",\"action\":{\"type\":\"DECK_POP\",\"num\":4}}"}
{"level":"info","timestamp":1527365946364,"sender":"SERVER","playerId":"91cfd7723f1e84ef58890ee20bb04ae9","data":"{\"type\":\"WS_ACTION\",\"action\":{\"type\":\"PLAYERS_SET_PLAYER_HAND\",\"hand\":[{\"type\":\"CARDS_ARRAY\",\"title\":\"Array\",\"implementation\":\"var array = [];\",\"example\":\"arr.length; // -> 0\\narr.push(1);\\narr[0]; // -> 1\\narr.pop(); // -> 1\\narr; // -> []\"},{\"type\":\"CARDS_WHILE_LOOP\",\"title\":\"While Loop\",\"implementation\":\"while (cond) {\\n\\n}\",\"example\":\"\\nvar i = 0;\\nwhile (i < 3) {\\n    console.log(i);\\n    i++;\\n} // -> prints 0, 1, 2\"},{\"type\":\"CARDS_FOR_LOOP\",\"title\":\"For Loop\",\"implementation\":\"for (var i = 0; i < 3; i++) {\\n\\n}\",\"example\":\"for (var i = 0; i < 3; i++) {\\n    console.log(i);\\n} // -> prints 0, 1, 2\"},{\"type\":\"CARDS_WHILE_LOOP\",\"title\":\"While Loop\",\"implementation\":\"while (cond) {\\n\\n}\",\"example\":\"\\nvar i = 0;\\nwhile (i < 3) {\\n    console.log(i);\\n    i++;\\n} // -> prints 0, 1, 2\"}],\"id\":\"0f6c1deb2df465920bc78bdafbbe74bf\"}}"}
{"level":"info","timestamp":1527365976662,"sender":"CLIENT","playerId":"91cfd7723f1e84ef58890ee20bb04ae9","name":null,"data":{"type":"WS_COMMAND","command":{"type":"COMMAND_LOG_CODE","fn":"(function fix34(list){\n})","constructor":"Fix34Prompt"}}}
{"level":"info","timestamp":1527366006585,"sender":"CLIENT","playerId":"91cfd7723f1e84ef58890ee20bb04ae9","name":null,"data":{"type":"WS_COMMAND","command":{"type":"COMMAND_LOG_CODE","fn":"(function fix34(list){\n})","constructor":"Fix34Prompt"}}}
{"level":"info","timestamp":1527366036588,"sender":"CLIENT","playerId":"91cfd7723f1e84ef58890ee20bb04ae9","name":null,"data":{"type":"WS_COMMAND","command":{"type":"COMMAND_LOG_CODE","fn":"(function fix34(list){\n})","constructor":"Fix34Prompt"}}}
{"level":"info","timestamp":1527366066656,"sender":"CLIENT","playerId":"91cfd7723f1e84ef58890ee20bb04ae9","name":null,"data":{"type":"WS_COMMAND","command":{"type":"COMMAND_LOG_CODE","fn":"(function fix34(list){\n})","constructor":"Fix34Prompt"}}}
{"level":"info","timestamp":1527366096659,"sender":"CLIENT","playerId":"91cfd7723f1e84ef58890ee20bb04ae9","name":null,"data":{"type":"WS_COMMAND","command":{"type":"COMMAND_LOG_CODE","fn":"(function fix34(list){\n})","constructor":"Fix34Prompt"}}}
{"level":"info","timestamp":1527366126582,"sender":"CLIENT","playerId":"91cfd7723f1e84ef58890ee20bb04ae9","name":null,"data":{"type":"WS_COMMAND","command":{"type":"COMMAND_LOG_CODE","fn":"(function fix34(list){\n})","constructor":"Fix34Prompt"}}}
{"level":"info","timestamp":1527366156664,"sender":"CLIENT","playerId":"91cfd7723f1e84ef58890ee20bb04ae9","name":null,"data":{"type":"WS_COMMAND","command":{"type":"COMMAND_LOG_CODE","fn":"(function fix34(list){\n})","constructor":"Fix34Prompt"}}}
{"level":"info","timestamp":1527366186606,"sender":"CLIENT","playerId":"91cfd7723f1e84ef58890ee20bb04ae9","name":null,"data":{"type":"WS_COMMAND","command":{"type":"COMMAND_LOG_CODE","fn":"(function fix34(list){\n})","constructor":"Fix34Prompt"}}}
{"level":"info","timestamp":1527366216671,"sender":"CLIENT","playerId":"91cfd7723f1e84ef58890ee20bb04ae9","name":null,"data":{"type":"WS_COMMAND","command":{"type":"COMMAND_LOG_CODE","fn":"(function fix34(list){\n})","constructor":"Fix34Prompt"}}}
{"level":"info","timestamp":1527366246676,"sender":"CLIENT","playerId":"91cfd7723f1e84ef58890ee20bb04ae9","name":null,"data":{"type":"WS_COMMAND","command":{"type":"COMMAND_LOG_CODE","fn":"(function fix34(list){\n})","constructor":"Fix34Prompt"}}}
{"level":"info","timestamp":1527366276678,"sender":"CLIENT","playerId":"91cfd7723f1e84ef58890ee20bb04ae9","name":null,"data":{"type":"WS_COMMAND","command":{"type":"COMMAND_LOG_CODE","fn":"(function fix34(list){\n})","constructor":"Fix34Prompt"}}}
{"level":"info","timestamp":1527366306681,"sender":"CLIENT","playerId":"91cfd7723f1e84ef58890ee20bb04ae9","name":null,"data":{"type":"WS_COMMAND","command":{"type":"COMMAND_LOG_CODE","fn":"(function fix34(list){\n})","constructor":"Fix34Prompt"}}}
{"level":"info","timestamp":1527366336685,"sender":"CLIENT","playerId":"91cfd7723f1e84ef58890ee20bb04ae9","name":null,"data":{"type":"WS_COMMAND","command":{"type":"COMMAND_LOG_CODE","fn":"(function fix34(list){\n})","constructor":"Fix34Prompt"}}}
{"level":"info","timestamp":1527366366655,"sender":"CLIENT","playerId":"91cfd7723f1e84ef58890ee20bb04ae9","name":null,"data":{"type":"WS_COMMAND","command":{"type":"COMMAND_LOG_CODE","fn":"(function fix34(list){\n})","constructor":"Fix34Prompt"}}}
{"level":"info","timestamp":1527366396665,"sender":"CLIENT","playerId":"91cfd7723f1e84ef58890ee20bb04ae9","name":null,"data":{"type":"WS_COMMAND","command":{"type":"COMMAND_LOG_CODE","fn":"(function fix34(list){\n})","constructor":"Fix34Prompt"}}}
{"level":"info","timestamp":1527366426653,"sender":"CLIENT","playerId":"91cfd7723f1e84ef58890ee20bb04ae9","name":null,"data":{"type":"WS_COMMAND","command":{"type":"COMMAND_LOG_CODE","fn":"(function fix34(list){\n})","constructor":"Fix34Prompt"}}}
{"level":"info","timestamp":1527366456651,"sender":"CLIENT","playerId":"91cfd7723f1e84ef58890ee20bb04ae9","name":null,"data":{"type":"WS_COMMAND","command":{"type":"COMMAND_LOG_CODE","fn":"(function fix34(list){\n})","constructor":"Fix34Prompt"}}}
{"level":"info","timestamp":1527366486662,"sender":"CLIENT","playerId":"91cfd7723f1e84ef58890ee20bb04ae9","name":null,"data":{"type":"WS_COMMAND","command":{"type":"COMMAND_LOG_CODE","fn":"(function fix34(list){\n})","constructor":"Fix34Prompt"}}}
{"level":"info","timestamp":1527366516652,"sender":"CLIENT","playerId":"91cfd7723f1e84ef58890ee20bb04ae9","name":null,"data":{"type":"WS_COMMAND","command":{"type":"COMMAND_LOG_CODE","fn":"(function fix34(list){\n})","constructor":"Fix34Prompt"}}}
{"level":"info","timestamp":1527366546721,"sender":"CLIENT","playerId":"91cfd7723f1e84ef58890ee20bb04ae9","name":null,"data":{"type":"WS_COMMAND","command":{"type":"COMMAND_LOG_CODE","fn":"(function fix34(list){\n})","constructor":"Fix34Prompt"}}}
{"level":"info","timestamp":1527366576650,"sender":"CLIENT","playerId":"91cfd7723f1e84ef58890ee20bb04ae9","name":null,"data":{"type":"WS_COMMAND","command":{"type":"COMMAND_LOG_CODE","fn":"(function fix34(list){\n})","constructor":"Fix34Prompt"}}}
{"level":"info","timestamp":1527366606727,"sender":"CLIENT","playerId":"91cfd7723f1e84ef58890ee20bb04ae9","name":null,"data":{"type":"WS_COMMAND","command":{"type":"COMMAND_LOG_CODE","fn":"(function fix34(list){\n})","constructor":"Fix34Prompt"}}}
{"level":"info","timestamp":1527366636647,"sender":"CLIENT","playerId":"91cfd7723f1e84ef58890ee20bb04ae9","name":null,"data":{"type":"WS_COMMAND","command":{"type":"COMMAND_LOG_CODE","fn":"(function fix34(list){\n})","constructor":"Fix34Prompt"}}}
{"level":"info","timestamp":1527366666633,"sender":"CLIENT","playerId":"91cfd7723f1e84ef58890ee20bb04ae9","name":null,"data":{"type":"WS_COMMAND","command":{"type":"COMMAND_LOG_CODE","fn":"(function fix34(list){\n})","constructor":"Fix34Prompt"}}}
{"level":"info","timestamp":1527366696669,"sender":"CLIENT","playerId":"91cfd7723f1e84ef58890ee20bb04ae9","name":null,"data":{"type":"WS_COMMAND","command":{"type":"COMMAND_LOG_CODE","fn":"(function fix34(list){\n})","constructor":"Fix34Prompt"}}}
{"level":"info","timestamp":1527366726639,"sender":"CLIENT","playerId":"91cfd7723f1e84ef58890ee20bb04ae9","name":null,"data":{"type":"WS_COMMAND","command":{"type":"COMMAND_LOG_CODE","fn":"(function fix34(list){\n})","constructor":"Fix34Prompt"}}}
{"level":"info","timestamp":1527366756642,"sender":"CLIENT","playerId":"91cfd7723f1e84ef58890ee20bb04ae9","name":null,"data":{"type":"WS_COMMAND","command":{"type":"COMMAND_LOG_CODE","fn":"(function fix34(list){\n})","constructor":"Fix34Prompt"}}}
{"level":"info","timestamp":1527366786645,"sender":"CLIENT","playerId":"91cfd7723f1e84ef58890ee20bb04ae9","name":null,"data":{"type":"WS_COMMAND","command":{"type":"COMMAND_LOG_CODE","fn":"(function fix34(list){\n})","constructor":"Fix34Prompt"}}}
{"level":"info","timestamp":1527366816649,"sender":"CLIENT","playerId":"91cfd7723f1e84ef58890ee20bb04ae9","name":null,"data":{"type":"WS_COMMAND","command":{"type":"COMMAND_LOG_CODE","fn":"(function fix34(list){\n})","constructor":"Fix34Prompt"}}}
{"level":"info","timestamp":1527366846754,"sender":"CLIENT","playerId":"91cfd7723f1e84ef58890ee20bb04ae9","name":null,"data":{"type":"WS_COMMAND","command":{"type":"COMMAND_LOG_CODE","fn":"(function fix34(list){\n})","constructor":"Fix34Prompt"}}}
{"level":"info","timestamp":1527366876656,"sender":"CLIENT","playerId":"91cfd7723f1e84ef58890ee20bb04ae9","name":null,"data":{"type":"WS_COMMAND","command":{"type":"COMMAND_LOG_CODE","fn":"(function fix34(list){\n})","constructor":"Fix34Prompt"}}}
{"level":"info","timestamp":1527366906761,"sender":"CLIENT","playerId":"91cfd7723f1e84ef58890ee20bb04ae9","name":null,"data":{"type":"WS_COMMAND","command":{"type":"COMMAND_LOG_CODE","fn":"(function fix34(list){\n})","constructor":"Fix34Prompt"}}}
{"level":"info","timestamp":1527366936765,"sender":"CLIENT","playerId":"91cfd7723f1e84ef58890ee20bb04ae9","name":null,"data":{"type":"WS_COMMAND","command":{"type":"COMMAND_LOG_CODE","fn":"(function fix34(list){\n})","constructor":"Fix34Prompt"}}}
{"level":"info","timestamp":1527366966665,"sender":"CLIENT","playerId":"91cfd7723f1e84ef58890ee20bb04ae9","name":null,"data":{"type":"WS_COMMAND","command":{"type":"COMMAND_LOG_CODE","fn":"(function fix34(list){\n})","constructor":"Fix34Prompt"}}}
{"level":"info","timestamp":1527366996658,"sender":"CLIENT","playerId":"91cfd7723f1e84ef58890ee20bb04ae9","name":null,"data":{"type":"WS_COMMAND","command":{"type":"COMMAND_LOG_CODE","fn":"(function fix34(list){\n})","constructor":"Fix34Prompt"}}}
{"level":"info","timestamp":1527367026654,"sender":"CLIENT","playerId":"91cfd7723f1e84ef58890ee20bb04ae9","name":null,"data":{"type":"WS_COMMAND","command":{"type":"COMMAND_LOG_CODE","fn":"(function fix34(list){\n})","constructor":"Fix34Prompt"}}}
{"level":"info","timestamp":1527367056654,"sender":"CLIENT","playerId":"91cfd7723f1e84ef58890ee20bb04ae9","name":null,"data":{"type":"WS_COMMAND","command":{"type":"COMMAND_LOG_CODE","fn":"(function fix34(list){\n})","constructor":"Fix34Prompt"}}}
{"level":"info","timestamp":1527367086678,"sender":"CLIENT","playerId":"91cfd7723f1e84ef58890ee20bb04ae9","name":null,"data":{"type":"WS_COMMAND","command":{"type":"COMMAND_LOG_CODE","fn":"(function fix34(list){\n})","constructor":"Fix34Prompt"}}}
{"level":"info","timestamp":1527367116684,"sender":"CLIENT","playerId":"91cfd7723f1e84ef58890ee20bb04ae9","name":null,"data":{"type":"WS_COMMAND","command":{"type":"COMMAND_LOG_CODE","fn":"(function fix34(list){\n})","constructor":"Fix34Prompt"}}}
{"level":"info","timestamp":1527367146662,"sender":"CLIENT","playerId":"91cfd7723f1e84ef58890ee20bb04ae9","name":null,"data":{"type":"WS_COMMAND","command":{"type":"COMMAND_LOG_CODE","fn":"(function fix34(list){\n})","constructor":"Fix34Prompt"}}}
{"level":"info","timestamp":1527367176697,"sender":"CLIENT","playerId":"91cfd7723f1e84ef58890ee20bb04ae9","name":null,"data":{"type":"WS_COMMAND","command":{"type":"COMMAND_LOG_CODE","fn":"(function fix34(list){\n})","constructor":"Fix34Prompt"}}}
{"level":"info","timestamp":1527367206703,"sender":"CLIENT","playerId":"91cfd7723f1e84ef58890ee20bb04ae9","name":null,"data":{"type":"WS_COMMAND","command":{"type":"COMMAND_LOG_CODE","fn":"(function fix34(list){\n})","constructor":"Fix34Prompt"}}}
{"level":"info","timestamp":1527367236695,"sender":"CLIENT","playerId":"91cfd7723f1e84ef58890ee20bb04ae9","name":null,"data":{"type":"WS_COMMAND","command":{"type":"COMMAND_LOG_CODE","fn":"(function fix34(list){\n})","constructor":"Fix34Prompt"}}}
{"level":"info","timestamp":1527367266699,"sender":"CLIENT","playerId":"91cfd7723f1e84ef58890ee20bb04ae9","name":null,"data":{"type":"WS_COMMAND","command":{"type":"COMMAND_LOG_CODE","fn":"(function fix34(list){\n})","constructor":"Fix34Prompt"}}}
{"level":"info","timestamp":1527367296703,"sender":"CLIENT","playerId":"91cfd7723f1e84ef58890ee20bb04ae9","name":null,"data":{"type":"WS_COMMAND","command":{"type":"COMMAND_LOG_CODE","fn":"(function fix34(list){\n})","constructor":"Fix34Prompt"}}}
{"level":"info","timestamp":1527367326657,"sender":"CLIENT","playerId":"91cfd7723f1e84ef58890ee20bb04ae9","name":null,"data":{"type":"WS_COMMAND","command":{"type":"COMMAND_LOG_CODE","fn":"(function fix34(list){\n})","constructor":"Fix34Prompt"}}}
{"level":"info","timestamp":1527367356660,"sender":"CLIENT","playerId":"91cfd7723f1e84ef58890ee20bb04ae9","name":null,"data":{"type":"WS_COMMAND","command":{"type":"COMMAND_LOG_CODE","fn":"(function fix34(list){\n})","constructor":"Fix34Prompt"}}}
{"level":"info","timestamp":1527367386672,"sender":"CLIENT","playerId":"91cfd7723f1e84ef58890ee20bb04ae9","name":null,"data":{"type":"WS_COMMAND","command":{"type":"COMMAND_LOG_CODE","fn":"(function fix34(list){\n})","constructor":"Fix34Prompt"}}}
{"level":"info","timestamp":1527367416716,"sender":"CLIENT","playerId":"91cfd7723f1e84ef58890ee20bb04ae9","name":null,"data":{"type":"WS_COMMAND","command":{"type":"COMMAND_LOG_CODE","fn":"(function fix34(list){\n})","constructor":"Fix34Prompt"}}}
{"level":"info","timestamp":1527367446719,"sender":"CLIENT","playerId":"91cfd7723f1e84ef58890ee20bb04ae9","name":null,"data":{"type":"WS_COMMAND","command":{"type":"COMMAND_LOG_CODE","fn":"(function fix34(list){\n})","constructor":"Fix34Prompt"}}}
{"level":"info","timestamp":1527367476666,"sender":"CLIENT","playerId":"91cfd7723f1e84ef58890ee20bb04ae9","name":null,"data":{"type":"WS_COMMAND","command":{"type":"COMMAND_LOG_CODE","fn":"(function fix34(list){\n})","constructor":"Fix34Prompt"}}}
{"level":"info","timestamp":1527367506726,"sender":"CLIENT","playerId":"91cfd7723f1e84ef58890ee20bb04ae9","name":null,"data":{"type":"WS_COMMAND","command":{"type":"COMMAND_LOG_CODE","fn":"(function fix34(list){\n})","constructor":"Fix34Prompt"}}}
{"level":"info","timestamp":1527367537038,"sender":"CLIENT","playerId":"91cfd7723f1e84ef58890ee20bb04ae9","name":null,"data":{"type":"WS_COMMAND","command":{"type":"COMMAND_LOG_CODE","fn":"(function fix34(list){\n})","constructor":"Fix34Prompt"}}}
